2026-03-22 02:04:43 - INFO - Price tracking started.
2026-03-22 02:04:50 - INFO - Price tracking completed
2026-03-22 02:09:15 - INFO - Price tracking started.
2026-03-22 02:09:19 - INFO - Price tracking completed
2026-03-22 02:10:33 - INFO - Price tracking started.
2026-03-22 02:10:38 - INFO - Price tracking completed
2026-03-22 02:10:57 - INFO - Price tracking started.
2026-03-22 02:11:02 - INFO - Price tracking completed
2026-03-22 02:25:49 - INFO - Price tracking started.
2026-03-22 02:25:57 - INFO - Price tracking completed
2026-03-22 02:25:57 - INFO - Saved data to price_tracker_data.csv. Total records: 4
2026-03-22 03:42:46 - INFO - Price tracking started.
2026-03-22 03:42:55 - INFO - Price tracking completed
2026-03-22 03:42:55 - INFO - Saved data to price_tracker_data.csv. Total records: 6
2026-03-22 03:43:46 - INFO - Price tracking started.
2026-03-22 03:43:49 - INFO - Price tracking completed
2026-03-22 03:43:49 - INFO - Saved data to price_tracker_data.csv. Total records: 8
2026-03-22 07:47:02 - INFO - Price tracking started.
2026-03-22 07:47:11 - INFO - Price tracking completed
2026-03-22 07:47:11 - INFO - Saved data to price_tracker_data.csv. Total records: 10
2026-03-23 03:40:02 - INFO - Price tracking started.
2026-03-23 03:40:12 - INFO - Price tracking completed
2026-03-23 03:40:12 - INFO - Saved data to price_tracker_data.csv. Total records: 12
2026-03-23 05:29:19 - INFO - Price tracking started.
2026-03-23 05:29:19 - INFO - Scrape attempt 1 of 3
2026-03-23 05:29:50 - INFO - Price tracking completed
2026-03-23 05:29:50 - INFO - Saved data to price_tracker_data.csv. Total records: 14
2026-04-13 03:38:02 - INFO - Price tracking started.
2026-04-13 03:38:02 - INFO - Scrape attempt 1 of 3
2026-04-13 03:38:29 - ERROR - Attempt 1 failed: name 'stealth_sync' is not defined
2026-04-13 03:38:29 - INFO - Waiting 10s before retry...
2026-04-13 03:38:39 - INFO - Scrape attempt 2 of 3
2026-04-13 03:38:42 - ERROR - Attempt 2 failed: name 'stealth_sync' is not defined
2026-04-13 03:38:42 - INFO - Waiting 20s before retry...
2026-04-13 03:39:02 - INFO - Scrape attempt 3 of 3
2026-04-13 03:39:04 - ERROR - Attempt 3 failed: name 'stealth_sync' is not defined
2026-04-13 03:48:32 - INFO - Price tracking started.
2026-04-13 03:48:32 - INFO - Scrape attempt 1 of 3
2026-04-13 03:48:35 - ERROR - Attempt 1 failed: 'module' object is not callable
2026-04-13 03:48:35 - INFO - Waiting 10s before retry...
2026-04-13 03:48:45 - INFO - Scrape attempt 2 of 3
2026-04-13 03:48:47 - ERROR - Attempt 2 failed: 'module' object is not callable
2026-04-13 03:48:47 - INFO - Waiting 20s before retry...
2026-04-13 03:49:07 - INFO - Scrape attempt 3 of 3
2026-04-13 03:49:09 - ERROR - Attempt 3 failed: 'module' object is not callable
2026-04-13 04:01:16 - INFO - Price tracking started.
2026-04-13 04:01:16 - INFO - Scrape attempt 1 of 3
2026-04-13 04:01:19 - ERROR - Attempt 1 failed: Stealth.__init__() takes 1 positional argument but 2 were given
2026-04-13 04:01:19 - INFO - Waiting 10s before retry...
2026-04-13 04:01:29 - INFO - Scrape attempt 2 of 3
2026-04-13 04:01:31 - ERROR - Attempt 2 failed: Stealth.__init__() takes 1 positional argument but 2 were given
2026-04-13 04:01:31 - INFO - Waiting 20s before retry...
2026-04-13 04:01:51 - INFO - Scrape attempt 3 of 3
2026-04-13 04:01:54 - ERROR - Attempt 3 failed: Stealth.__init__() takes 1 positional argument but 2 were given
2026-04-13 04:09:38 - INFO - Price tracking started.
2026-04-13 04:09:38 - INFO - Scrape attempt 1 of 3
2026-04-13 04:09:40 - ERROR - Attempt 1 failed: 'Stealth' object has no attribute 'apply_stealth'
2026-04-13 04:09:40 - INFO - Waiting 10s before retry...
2026-04-13 04:09:50 - INFO - Scrape attempt 2 of 3
2026-04-13 04:09:53 - ERROR - Attempt 2 failed: 'Stealth' object has no attribute 'apply_stealth'
2026-04-13 04:09:53 - INFO - Waiting 20s before retry...
2026-04-13 04:10:13 - INFO - Scrape attempt 3 of 3
2026-04-13 04:10:16 - ERROR - Attempt 3 failed: 'Stealth' object has no attribute 'apply_stealth'
2026-04-13 04:14:27 - INFO - Price tracking started.
2026-04-13 04:14:27 - INFO - Scrape attempt 1 of 3
2026-04-13 04:14:30 - ERROR - Attempt 1 failed: 'Stealth' object is not callable
2026-04-13 04:14:30 - INFO - Waiting 10s before retry...
2026-04-13 04:14:40 - INFO - Scrape attempt 2 of 3
2026-04-13 04:14:43 - ERROR - Attempt 2 failed: 'Stealth' object is not callable
2026-04-13 04:14:43 - INFO - Waiting 20s before retry...
2026-04-13 04:15:03 - INFO - Scrape attempt 3 of 3
2026-04-13 04:15:05 - ERROR - Attempt 3 failed: 'Stealth' object is not callable
2026-04-13 04:31:19 - INFO - Price tracking started.
2026-04-13 04:31:19 - INFO - Scrape attempt 1 of 3
2026-04-13 04:31:34 - INFO - Price tracking completed
2026-04-13 04:31:34 - INFO - Saved data to price_tracker_data.csv. Total records: 16
